<?xml version="1.0" encoding="UTF-8"?>
<!-- Generated by org.testng.reporters.JUnitReportReporter -->
<testsuite skipped="0" hostname="CDC5-D-DGPQFD2" name="DataDriven.Data_Provider" tests="4" failures="0" timestamp="08 May 2018 11:00:13 GMT" time="53.072" errors="0">
  <testcase name="navigate_url" time="17.693" classname="DataDriven.Data_Provider"/>
  <testcase name="Search_product" time="10.409" classname="DataDriven.Data_Provider"/>
  <testcase name="Search_product" time="10.320" classname="DataDriven.Data_Provider"/>
  <testcase name="Search_product" time="14.650" classname="DataDriven.Data_Provider"/>
</testsuite> <!-- DataDriven.Data_Provider -->
