<?xml version="1.0" encoding="UTF-8"?>
<!-- Generated by org.testng.reporters.JUnitReportReporter -->
<testsuite skipped="0" hostname="CDC5-D-DGPQFD2" name="Driver_Control.StartBrowser_Child1" tests="3" failures="0" timestamp="03 May 2018 06:55:37 GMT" time="19.044" errors="0">
  <testcase name="navigate_url" time="8.879" classname="Driver_Control.StartBrowser_Child1"/>
  <testcase name="Transfer_driver" time="0.002" classname="Driver_Control.StartBrowser_Child1"/>
  <testcase name="search_text" time="10.163" classname="Driver_Control.StartBrowser_Child1"/>
</testsuite> <!-- Driver_Control.StartBrowser_Child1 -->
