<?xml version="1.0" encoding="UTF-8"?>
<!-- Generated by org.testng.reporters.JUnitReportReporter -->
<testsuite skipped="0" hostname="CDC5-D-DGPQFD2" name="Listener_Practice.Flipkart_Search" tests="2" failures="0" timestamp="30 Apr 2018 09:09:03 GMT" time="41.162" errors="0">
  <testcase name="navigate_url" time="8.942" classname="Listener_Practice.Flipkart_Search"/>
  <testcase name="Read_Excel" time="32.220" classname="Listener_Practice.Flipkart_Search"/>
</testsuite> <!-- Listener_Practice.Flipkart_Search -->
